2025-12-01 01:02:17+0800: Running with following config:
allowResignation = true
lagBuffer = 1.0
logAllGTPCommunication = true
logDir = gtp_logs
logSearchInfo = true
logSearchInfoForChosenMove = false
logToStderr = false
maxTimePondering = 60.0
maxVisits = 500
numSearchThreads = 6
ponderingEnabled = false
resignConsecTurns = 3
resignThreshold = -0.90
rules = tromp-taylor
searchFactorAfterOnePass = 0.50
searchFactorAfterTwoPass = 0.25
searchFactorWhenWinning = 0.40
searchFactorWhenWinningThreshold = 0.95

2025-12-01 01:02:17+0800: GTP Engine starting...
2025-12-01 01:02:17+0800: KataGo v1.16.4
2025-12-01 01:02:17+0800: Using TrompTaylor rules initially, unless GTP/GUI overrides this
2025-12-01 01:02:17+0800: Using 6 CPU thread(s) for search
2025-12-01 01:02:17+0800: nnRandSeed0 = 2894854548768089793
2025-12-01 01:02:17+0800: After dedups: nnModelFile0 = /opt/homebrew/Cellar/katago/1.16.4/share/katago/g170-b40c256x2-s5095420928-d1229425124.bin.gz useFP16 auto useNHWC auto
2025-12-01 01:02:17+0800: Initializing neural net buffer to be size 19 * 19 exactly
2025-12-01 01:02:19+0800: Loaded neural net with nnXLen 19 nnYLen 19
2025-12-01 01:02:19+0800: Initializing board with boardXSize 19 boardYSize 19
2025-12-01 01:02:19+0800: Loaded config /opt/homebrew/Cellar/katago/1.16.4/share/katago/configs/gtp_example.cfg
2025-12-01 01:02:19+0800: Loaded model /opt/homebrew/Cellar/katago/1.16.4/share/katago/g170-b40c256x2-s5095420928-d1229425124.bin.gz
2025-12-01 01:02:19+0800: Model name: g170-b40c256x2-s5095420928-d1229425124
2025-12-01 01:02:19+0800: GTP ready, beginning main protocol loop
